#-----------------------------------------------------------
# Vivado v2018.1 (64-bit)
# SW Build 2188600 on Wed Apr  4 18:40:38 MDT 2018
# IP Build 2185939 on Wed Apr  4 20:55:05 MDT 2018
# Start of session at: Wed Apr  3 21:54:28 2024
# Process ID: 15704
# Current directory: D:/Sem 02/Computer Organization and Degital Design/Nano-processor
# Command line: vivado.exe -gui_launcher_event rodinguilauncherevent2464 D:\Sem 02\Computer Organization and Degital Design\Nano-processor\Nano-processor.xpr
# Log file: D:/Sem 02/Computer Organization and Degital Design/Nano-processor/vivado.log
# Journal file: D:/Sem 02/Computer Organization and Degital Design/Nano-processor\vivado.jou
#-----------------------------------------------------------
start_gui
open_project {D:/Sem 02/Computer Organization and Degital Design/Nano-processor/Nano-processor.xpr}
Scanning sources...
Finished scanning sources
INFO: [IP_Flow 19-234] Refreshing IP repositories
INFO: [IP_Flow 19-1704] No user IP repositories specified
INFO: [IP_Flow 19-2313] Loaded Vivado IP repository 'D:/Vivado/Vivado/2018.1/data/ip'.
update_compile_order -fileset sources_1
set_property SOURCE_SET sources_1 [get_filesets sim_1]
close [ open {D:/Sem 02/Computer Organization and Degital Design/Nano-processor/Nano-processor.srcs/sim_1/new/RCA_3_sim.vhd} w ]
add_files -fileset sim_1 {{D:/Sem 02/Computer Organization and Degital Design/Nano-processor/Nano-processor.srcs/sim_1/new/RCA_3_sim.vhd}}
update_compile_order -fileset sim_1
set_property top RCA_3 [get_filesets sim_1]
set_property top_lib xil_defaultlib [get_filesets sim_1]
update_compile_order -fileset sim_1
set_property top RCA_3 [current_fileset]
update_compile_order -fileset sources_1
launch_runs synth_1 -jobs 4
[Wed Apr  3 22:03:28 2024] Launched synth_1...
Run output will be captured here: D:/Sem 02/Computer Organization and Degital Design/Nano-processor/Nano-processor.runs/synth_1/runme.log
launch_runs impl_1 -jobs 4
[Wed Apr  3 22:04:07 2024] Launched impl_1...
Run output will be captured here: D:/Sem 02/Computer Organization and Degital Design/Nano-processor/Nano-processor.runs/impl_1/runme.log
add_files -norecurse {{D:/Sem 02/Computer Organization and Degital Design/Lab 3/Lab 3/Lab 3.srcs/sources_1/new/FA.vhd} {D:/Sem 02/Computer Organization and Degital Design/Lab 3/Lab 3/Lab 3.srcs/sources_1/new/HA.vhd}}
update_compile_order -fileset sources_1
set_property SOURCE_SET sources_1 [get_filesets sim_1]
close [ open {D:/Sem 02/Computer Organization and Degital Design/Nano-processor/Nano-processor.srcs/sim_1/new/FA_sim.vhd} w ]
add_files -fileset sim_1 {{D:/Sem 02/Computer Organization and Degital Design/Nano-processor/Nano-processor.srcs/sim_1/new/FA_sim.vhd}}
update_compile_order -fileset sim_1
set_property SOURCE_SET sources_1 [get_filesets sim_1]
close [ open {D:/Sem 02/Computer Organization and Degital Design/Nano-processor/Nano-processor.srcs/sim_1/new/HA_sim.vhd} w ]
add_files -fileset sim_1 {{D:/Sem 02/Computer Organization and Degital Design/Nano-processor/Nano-processor.srcs/sim_1/new/HA_sim.vhd}}
update_compile_order -fileset sim_1
set_property top FA [current_fileset]
update_compile_order -fileset sources_1
set_property top RCA_3 [current_fileset]
update_compile_order -fileset sources_1
reset_run synth_1
launch_runs synth_1 -jobs 4
[Wed Apr  3 22:27:42 2024] Launched synth_1...
Run output will be captured here: D:/Sem 02/Computer Organization and Degital Design/Nano-processor/Nano-processor.runs/synth_1/runme.log
launch_runs impl_1 -jobs 4
[Wed Apr  3 22:29:53 2024] Launched impl_1...
Run output will be captured here: D:/Sem 02/Computer Organization and Degital Design/Nano-processor/Nano-processor.runs/impl_1/runme.log
open_run impl_1
INFO: [Netlist 29-17] Analyzing 7 Unisim elements for replacement
INFO: [Netlist 29-28] Unisim Transformation completed in 0 CPU seconds
INFO: [Project 1-479] Netlist was created with Vivado 2018.1
INFO: [Device 21-403] Loading part xc7a35tcpg236-1
INFO: [Project 1-570] Preparing netlist for logic optimization
INFO: [Timing 38-478] Restoring timing data from binary archive.
INFO: [Timing 38-479] Binary timing data restore complete.
INFO: [Project 1-856] Restoring constraints from binary archive.
INFO: [Project 1-853] Binary constraint restore complete.
Reading XDEF placement.
Reading placer database...
Reading XDEF routing.
Read XDEF File: Time (s): cpu = 00:00:00 ; elapsed = 00:00:00.089 . Memory (MB): peak = 1702.387 ; gain = 0.000
Restored from archive | CPU: 0.000000 secs | Memory: 0.000000 MB |
Finished XDEF File Restore: Time (s): cpu = 00:00:00 ; elapsed = 00:00:00.100 . Memory (MB): peak = 1702.387 ; gain = 0.000
INFO: [Project 1-111] Unisim Transformation Summary:
No Unisim elements were transformed.

open_run: Time (s): cpu = 00:00:20 ; elapsed = 00:00:21 . Memory (MB): peak = 1780.258 ; gain = 890.559
WARNING: [Timing 38-313] There are no user specified timing constraints. Timing constraints are needed for proper timing analysis.
git add --all
WARNING: [Common 17-259] Unknown Tcl command 'git add --all' sending command to the OS shell for execution. It is recommended to use 'exec' to send the command to the OS shell.
warning: in the working copy of 'vivado.jou', LF will be replaced by CRLF the next time Git touches it
warning: in the working copy of 'vivado.log', LF will be replaced by CRLF the next time Git touches it
warning: in the working copy of 'Nano-processor.runs/impl_1/ISEWrap.js', LF will be replaced by CRLF the next time Git touches it
warning: in the working copy of 'Nano-processor.runs/impl_1/ISEWrap.sh', LF will be replaced by CRLF the next time Git touches it
warning: in the working copy of 'Nano-processor.runs/impl_1/RCA_3.vdi', LF will be replaced by CRLF the next time Git touches it
warning: in the working copy of 'Nano-processor.runs/impl_1/RCA_3_clock_utilization_routed.rpt', LF will be replaced by CRLF the next time Git touches it
warning: in the working copy of 'Nano-processor.runs/impl_1/RCA_3_control_sets_placed.rpt', LF will be replaced by CRLF the next time Git touches it
warning: in the working copy of 'Nano-processor.runs/impl_1/RCA_3_drc_opted.rpt', LF will be replaced by CRLF the next time Git touches it
warning: in the working copy of 'Nano-processor.runs/impl_1/RCA_3_drc_routed.rpt', LF will be replaced by CRLF the next time Git touches it
warning: in the working copy of 'Nano-processor.runs/impl_1/RCA_3_io_placed.rpt', LF will be replaced by CRLF the next time Git touches it
warning: in the working copy of 'Nano-processor.runs/impl_1/RCA_3_methodology_drc_routed.rpt', LF will be replaced by CRLF the next time Git touches it
warning: in the working copy of 'Nano-processor.runs/impl_1/RCA_3_route_status.rpt', LF will be replaced by CRLF the next time Git touches it
warning: in the working copy of 'Nano-processor.runs/impl_1/RCA_3_utilization_placed.rpt', LF will be replaced by CRLF the next time Git touches it
warning: in the working copy of 'Nano-processor.runs/impl_1/vivado.jou', LF will be replaced by CRLF the next time Git touches it
warning: in the working copy of 'Nano-processor.runs/synth_1/ISEWrap.js', LF will be replaced by CRLF the next time Git touches it
warning: in the working copy of 'Nano-processor.runs/synth_1/ISEWrap.sh', LF will be replaced by CRLF the next time Git touches it
warning: in the working copy of 'Nano-processor.runs/synth_1/RCA_3.vds', LF will be replaced by CRLF the next time Git touches it
warning: in the working copy of 'Nano-processor.runs/synth_1/RCA_3_utilization_synth.rpt', LF will be replaced by CRLF the next time Git touches it
warning: in the working copy of 'Nano-processor.runs/synth_1/vivado.jou', LF will be replaced by CRLF the next time Git touches it
warning: in the working copy of 'Nano-processor.sim/sim_1/behav/xsim/webtalk_14236.backup.jou', LF will be replaced by CRLF the next time Git touches it
warning: in the working copy of 'Nano-processor.sim/sim_1/behav/xsim/webtalk_14236.backup.log', LF will be replaced by CRLF the next time Git touches it
warning: in the working copy of 'Nano-processor.srcs/sim_1/new/FA_sim.vhd', LF will be replaced by CRLF the next time Git touches it
warning: in the working copy of 'Nano-processor.srcs/sim_1/new/HA_sim.vhd', LF will be replaced by CRLF the next time Git touches it
warning: in the working copy of 'Nano-processor.srcs/sim_1/new/RCA_3_sim.vhd', LF will be replaced by CRLF the next time Git touches it
warning: in the working copy of 'vivado_14780.backup.jou', LF will be replaced by CRLF the next time Git touches it
warning: in the working copy of 'vivado_14780.backup.log', LF will be replaced by CRLF the next time Git touches it
warning: in the working copy of 'vivado_19368.backup.jou', LF will be replaced by CRLF the next time Git touches it
warning: in the working copy of 'vivado_19368.backup.log', LF will be replaced by CRLF the next time Git touches it
git add --all
WARNING: [Common 17-259] Unknown Tcl command 'git add --all' sending command to the OS shell for execution. It is recommended to use 'exec' to send the command to the OS shell.
warning: in the working copy of 'vivado.jou', LF will be replaced by CRLF the next time Git touches it
warning: in the working copy of 'vivado.log', LF will be replaced by CRLF the next time Git touches it
warning: in the working copy of 'vivado_pid15704.str', LF will be replaced by CRLF the next time Git touches it
git add --all
WARNING: [Common 17-259] Unknown Tcl command 'git add --all' sending command to the OS shell for execution. It is recommended to use 'exec' to send the command to the OS shell.
warning: in the working copy of 'vivado.jou', LF will be replaced by CRLF the next time Git touches it
warning: in the working copy of 'vivado.log', LF will be replaced by CRLF the next time Git touches it
warning: in the working copy of 'vivado_pid15704.str', LF will be replaced by CRLF the next time Git touches it
git commit -m "program counter"
WARNING: [Common 17-259] Unknown Tcl command 'git commit -m program counter' sending command to the OS shell for execution. It is recommended to use 'exec' to send the command to the OS shell.
[programCounter cbb5065] program counter
 101 files changed, 6021 insertions(+), 180 deletions(-)
 create mode 100644 Nano-processor.cache/wt/synthesis.wdf
 create mode 100644 Nano-processor.cache/wt/synthesis_details.wdf
 create mode 100644 Nano-processor.runs/.jobs/vrs_config_1.xml
 create mode 100644 Nano-processor.runs/.jobs/vrs_config_2.xml
 create mode 100644 Nano-processor.runs/.jobs/vrs_config_3.xml
 create mode 100644 Nano-processor.runs/.jobs/vrs_config_4.xml
 create mode 100644 Nano-processor.runs/impl_1/.Vivado_Implementation.queue.rst
 create mode 100644 Nano-processor.runs/impl_1/.init_design.begin.rst
 create mode 100644 Nano-processor.runs/impl_1/.init_design.end.rst
 create mode 100644 Nano-processor.runs/impl_1/.opt_design.begin.rst
 create mode 100644 Nano-processor.runs/impl_1/.opt_design.end.rst
 create mode 100644 Nano-processor.runs/impl_1/.place_design.begin.rst
 create mode 100644 Nano-processor.runs/impl_1/.place_design.end.rst
 create mode 100644 Nano-processor.runs/impl_1/.route_design.begin.rst
 create mode 100644 Nano-processor.runs/impl_1/.route_design.end.rst
 create mode 100644 Nano-processor.runs/impl_1/.vivado.begin.rst
 create mode 100644 Nano-processor.runs/impl_1/.vivado.end.rst
 create mode 100644 Nano-processor.runs/impl_1/ISEWrap.js
 create mode 100644 Nano-processor.runs/impl_1/ISEWrap.sh
 create mode 100644 Nano-processor.runs/impl_1/RCA_3.tcl
 create mode 100644 Nano-processor.runs/impl_1/RCA_3.vdi
 create mode 100644 Nano-processor.runs/impl_1/RCA_3_clock_utilization_routed.rpt
 create mode 100644 Nano-processor.runs/impl_1/RCA_3_control_sets_placed.rpt
 create mode 100644 Nano-processor.runs/impl_1/RCA_3_drc_opted.pb
 create mode 100644 Nano-processor.runs/impl_1/RCA_3_drc_opted.rpt
 create mode 100644 Nano-processor.runs/impl_1/RCA_3_drc_opted.rpx
 create mode 100644 Nano-processor.runs/impl_1/RCA_3_drc_routed.pb
 create mode 100644 Nano-processor.runs/impl_1/RCA_3_drc_routed.rpt
 create mode 100644 Nano-processor.runs/impl_1/RCA_3_drc_routed.rpx
 create mode 100644 Nano-processor.runs/impl_1/RCA_3_io_placed.rpt
 create mode 100644 Nano-processor.runs/impl_1/RCA_3_methodology_drc_routed.pb
 create mode 100644 Nano-processor.runs/impl_1/RCA_3_methodology_drc_routed.rpt
 create mode 100644 Nano-processor.runs/impl_1/RCA_3_methodology_drc_routed.rpx
 create mode 100644 Nano-processor.runs/impl_1/RCA_3_opt.dcp
 create mode 100644 Nano-processor.runs/impl_1/RCA_3_placed.dcp
 create mode 100644 Nano-processor.runs/impl_1/RCA_3_power_routed.rpt
 create mode 100644 Nano-processor.runs/impl_1/RCA_3_power_routed.rpx
 create mode 100644 Nano-processor.runs/impl_1/RCA_3_power_summary_routed.pb
 create mode 100644 Nano-processor.runs/impl_1/RCA_3_route_status.pb
 create mode 100644 Nano-processor.runs/impl_1/RCA_3_route_status.rpt
 create mode 100644 Nano-processor.runs/impl_1/RCA_3_routed.dcp
 create mode 100644 Nano-processor.runs/impl_1/RCA_3_timing_summary_routed.pb
 create mode 100644 Nano-processor.runs/impl_1/RCA_3_timing_summary_routed.rpt
 create mode 100644 Nano-processor.runs/impl_1/RCA_3_timing_summary_routed.rpx
 create mode 100644 Nano-processor.runs/impl_1/RCA_3_utilization_placed.pb
 create mode 100644 Nano-processor.runs/impl_1/RCA_3_utilization_placed.rpt
 create mode 100644 Nano-processor.runs/impl_1/gen_run.xml
 create mode 100644 Nano-processor.runs/impl_1/htr.txt
 create mode 100644 Nano-processor.runs/impl_1/init_design.pb
 create mode 100644 Nano-processor.runs/impl_1/opt_design.pb
 create mode 100644 Nano-processor.runs/impl_1/place_design.pb
 create mode 100644 Nano-processor.runs/impl_1/project.wdf
 create mode 100644 Nano-processor.runs/impl_1/route_design.pb
 create mode 100644 Nano-processor.runs/impl_1/route_report_bus_skew_0.rpt
 create mode 100644 Nano-processor.runs/impl_1/route_report_bus_skew_0.rpx
 create mode 100644 Nano-processor.runs/impl_1/rundef.js
 create mode 100644 Nano-processor.runs/impl_1/runme.bat
 create mode 100644 Nano-processor.runs/impl_1/runme.log
 create mode 100644 Nano-processor.runs/impl_1/runme.sh
 create mode 100644 Nano-processor.runs/impl_1/vivado.jou
 create mode 100644 Nano-processor.runs/impl_1/vivado.pb
 create mode 100644 Nano-processor.runs/synth_1/.Vivado_Synthesis.queue.rst
 create mode 100644 Nano-processor.runs/synth_1/.vivado.begin.rst
 create mode 100644 Nano-processor.runs/synth_1/.vivado.end.rst
 create mode 100644 Nano-processor.runs/synth_1/ISEWrap.js
 create mode 100644 Nano-processor.runs/synth_1/ISEWrap.sh
 create mode 100644 Nano-processor.runs/synth_1/RCA_3.dcp
 create mode 100644 Nano-processor.runs/synth_1/RCA_3.tcl
 create mode 100644 Nano-processor.runs/synth_1/RCA_3.vds
 create mode 100644 Nano-processor.runs/synth_1/RCA_3_utilization_synth.pb
 create mode 100644 Nano-processor.runs/synth_1/RCA_3_utilization_synth.rpt
 create mode 100644 Nano-processor.runs/synth_1/__synthesis_is_complete__
 create mode 100644 Nano-processor.runs/synth_1/gen_run.xml
 create mode 100644 Nano-processor.runs/synth_1/htr.txt
 create mode 100644 Nano-processor.runs/synth_1/project.wdf
 create mode 100644 Nano-processor.runs/synth_1/rundef.js
 create mode 100644 Nano-processor.runs/synth_1/runme.bat
 create mode 100644 Nano-processor.runs/synth_1/runme.log
 create mode 100644 Nano-processor.runs/synth_1/runme.sh
 create mode 100644 Nano-processor.runs/synth_1/vivado.jou
 create mode 100644 Nano-processor.runs/synth_1/vivado.pb
 create mode 100644 Nano-processor.sim/sim_1/behav/xsim/webtalk_14236.backup.jou
 create mode 100644 Nano-processor.sim/sim_1/behav/xsim/webtalk_14236.backup.log
 create mode 100644 Nano-processor.sim/sim_1/behav/xsim/xsim.dir/LUT_8_12_Sim_behav/xsimSettings.ini
 create mode 100644 Nano-processor.srcs/sim_1/new/FA_sim.vhd
 create mode 100644 Nano-processor.srcs/sim_1/new/HA_sim.vhd
 create mode 100644 Nano-processor.srcs/sim_1/new/RCA_3_sim.vhd
 create mode 100644 vivado_14780.backup.jou
 create mode 100644 vivado_14780.backup.log
 create mode 100644 vivado_19368.backup.jou
 create mode 100644 vivado_19368.backup.log
 create mode 100644 vivado_pid15704.str
git push
WARNING: [Common 17-259] Unknown Tcl command 'git push' sending command to the OS shell for execution. It is recommended to use 'exec' to send the command to the OS shell.
To https://github.com/Dineth-2001/Nano-processor.git
   6f26fbd..cbb5065  programCounter -> programCounter
git push origin programCounter
WARNING: [Common 17-259] Unknown Tcl command 'git push origin programCounter' sending command to the OS shell for execution. It is recommended to use 'exec' to send the command to the OS shell.
Everything up-to-date
set_property top RCA_3_sim [get_filesets sim_1]
set_property top_lib xil_defaultlib [get_filesets sim_1]
launch_simulation
INFO: [Vivado 12-5682] Launching behavioral simulation in 'D:/Sem 02/Computer Organization and Degital Design/Nano-processor/Nano-processor.sim/sim_1/behav/xsim'
INFO: [SIM-utils-51] Simulation object is 'sim_1'
INFO: [SIM-utils-54] Inspecting design source files for 'RCA_3_sim' in fileset 'sim_1'...
INFO: [USF-XSim-97] Finding global include files...
INFO: [USF-XSim-98] Fetching design files from 'sim_1'...
INFO: [USF-XSim-2] XSim::Compile design
INFO: [USF-XSim-61] Executing 'COMPILE and ANALYZE' step in 'D:/Sem 02/Computer Organization and Degital Design/Nano-processor/Nano-processor.sim/sim_1/behav/xsim'
"xvhdl --incr --relax -prj RCA_3_sim_vhdl.prj"
INFO: [VRFC 10-163] Analyzing VHDL file "D:/Sem 02/Computer Organization and Degital Design/Lab 3/Lab 3/Lab 3.srcs/sources_1/new/FA.vhd" into library xil_defaultlib
INFO: [VRFC 10-307] analyzing entity FA
INFO: [VRFC 10-163] Analyzing VHDL file "D:/Sem 02/Computer Organization and Degital Design/Lab 3/Lab 3/Lab 3.srcs/sources_1/new/HA.vhd" into library xil_defaultlib
INFO: [VRFC 10-307] analyzing entity HA
INFO: [VRFC 10-163] Analyzing VHDL file "D:/Sem 02/Computer Organization and Degital Design/Nano-processor/Nano-processor.srcs/sources_1/new/RCA_3.vhd" into library xil_defaultlib
INFO: [VRFC 10-307] analyzing entity RCA_3
INFO: [VRFC 10-163] Analyzing VHDL file "D:/Sem 02/Computer Organization and Degital Design/Nano-processor/Nano-processor.srcs/sim_1/new/RCA_3_sim.vhd" into library xil_defaultlib
INFO: [VRFC 10-307] analyzing entity RCA_3_sim
ERROR: [VRFC 10-719] formal port/generic <a0> is not declared in <rca_3> [D:/Sem 02/Computer Organization and Degital Design/Nano-processor/Nano-processor.srcs/sim_1/new/RCA_3_sim.vhd:24]
ERROR: [VRFC 10-2666] formal port a has no actual or default value [D:/Sem 02/Computer Organization and Degital Design/Nano-processor/Nano-processor.srcs/sim_1/new/RCA_3_sim.vhd:23]
ERROR: [VRFC 10-1504] unit behavioral ignored due to previous errors [D:/Sem 02/Computer Organization and Degital Design/Nano-processor/Nano-processor.srcs/sim_1/new/RCA_3_sim.vhd:8]
INFO: [VRFC 10-240] VHDL file D:/Sem 02/Computer Organization and Degital Design/Nano-processor/Nano-processor.srcs/sim_1/new/RCA_3_sim.vhd ignored due to errors
INFO: [USF-XSim-69] 'compile' step finished in '2' seconds
INFO: [USF-XSim-99] Step results log file:'D:/Sem 02/Computer Organization and Degital Design/Nano-processor/Nano-processor.sim/sim_1/behav/xsim/xvhdl.log'
ERROR: [USF-XSim-62] 'compile' step failed with error(s). Please check the Tcl console output or 'D:/Sem 02/Computer Organization and Degital Design/Nano-processor/Nano-processor.sim/sim_1/behav/xsim/xvhdl.log' file for more information.
ERROR: [Vivado 12-4473] Detected error while running simulation. Please correct the issue and retry this operation.
ERROR: [Common 17-39] 'launch_simulation' failed due to earlier errors.
update_compile_order -fileset sim_1
git add --all
WARNING: [Common 17-259] Unknown Tcl command 'git add --all' sending command to the OS shell for execution. It is recommended to use 'exec' to send the command to the OS shell.
